SF:lib/app/core/domain/models/api_error.dart
DA:8,2
DA:14,4
DA:15,2
DA:16,4
DA:17,2
DA:20,2
DA:21,1
DA:22,2
DA:23,1
LF:9
LH:9
end_of_record
SF:lib/app/core/domain/models/api_error_params.dart
DA:4,3
DA:8,6
DA:9,6
DA:12,4
DA:13,2
DA:16,3
LF:6
LH:6
end_of_record
SF:lib/app/core/domain/models/car_additional_info.dart
DA:8,2
DA:16,2
DA:17,2
DA:18,2
DA:19,2
DA:20,2
DA:21,2
DA:22,2
DA:25,1
DA:26,1
DA:27,2
DA:29,1
DA:31,2
DA:32,1
DA:33,1
DA:34,1
DA:35,1
DA:36,1
DA:39,0
DA:40,0
LF:20
LH:18
end_of_record
SF:lib/app/core/domain/models/car_information.dart
DA:19,3
DA:38,4
DA:39,2
DA:40,2
DA:41,4
DA:42,4
DA:43,4
DA:44,4
DA:45,2
DA:46,2
DA:47,2
DA:48,2
DA:49,2
DA:50,2
DA:51,2
DA:52,4
DA:53,2
DA:54,2
DA:57,0
DA:58,0
DA:61,2
DA:62,1
DA:63,1
DA:64,2
DA:65,2
DA:66,2
DA:67,2
DA:68,1
DA:69,1
DA:70,1
DA:71,1
DA:72,1
DA:73,1
DA:74,1
DA:75,2
DA:76,1
DA:77,1
DA:80,0
DA:81,0
DA:82,0
LF:40
LH:35
end_of_record
SF:lib/app/core/domain/models/user.dart
DA:7,6
DA:12,1
DA:13,1
DA:14,1
DA:15,1
LF:5
LH:5
end_of_record
SF:lib/app/core/domain/errors/generic_errors.dart
DA:4,8
DA:6,2
DA:7,4
LF:3
LH:3
end_of_record
SF:lib/app/core/domain/errors/user_errors.dart
DA:4,6
DA:8,2
DA:12,6
LF:3
LH:3
end_of_record
SF:lib/app/core/infra/services/auth_service.dart
DA:8,1
DA:11,1
DA:12,1
DA:13,1
DA:14,1
DA:17,1
DA:18,1
DA:26,1
DA:29,1
DA:30,2
DA:31,2
DA:38,0
DA:41,0
DA:42,0
DA:44,0
DA:48,1
DA:49,2
DA:50,2
DA:52,2
LF:19
LH:15
end_of_record
SF:lib/app/core/domain/usecases/validate_cached_user.dart
DA:10,1
DA:12,1
DA:14,2
DA:15,1
DA:16,2
LF:5
LH:5
end_of_record
SF:lib/app/core/domain/validators/text_form_validator.dart
DA:4,1
DA:5,1
DA:12,1
DA:13,1
DA:17,1
DA:24,0
DA:25,0
DA:29,0
LF:8
LH:5
end_of_record
SF:lib/app/modules/splash/presenter/splash_cubit.dart
DA:8,3
DA:10,1
DA:11,4
DA:13,2
DA:15,2
DA:17,1
DA:18,0
LF:7
LH:6
end_of_record
SF:lib/app/modules/splash/presenter/splash_state.dart
DA:6,0
DA:7,0
DA:11,1
DA:12,1
DA:16,1
DA:17,1
LF:6
LH:4
end_of_record
SF:lib/app/modules/auth/domain/usecases/save_user_data.dart
DA:12,1
DA:14,1
DA:16,4
DA:17,1
DA:19,2
LF:5
LH:5
end_of_record
SF:lib/app/modules/auth/presenter/auth_cubit.dart
DA:9,3
DA:11,1
DA:12,2
DA:13,1
DA:14,3
DA:15,1
DA:17,2
DA:20,1
DA:21,0
DA:22,0
LF:10
LH:8
end_of_record
SF:lib/app/modules/auth/presenter/auth_state.dart
DA:6,1
DA:7,1
DA:11,0
DA:12,0
DA:16,1
DA:17,1
DA:21,0
DA:22,0
LF:8
LH:4
end_of_record
SF:lib/app/core/domain/errors/api_errors.dart
DA:6,2
DA:10,2
DA:15,2
DA:19,2
LF:4
LH:4
end_of_record
SF:lib/app/modules/home/infra/repositories/home_repository.dart
DA:15,1
DA:17,1
DA:30,2
DA:31,1
DA:32,1
DA:37,2
DA:38,3
DA:39,1
DA:40,2
DA:41,1
DA:42,2
DA:44,1
DA:47,3
DA:48,1
DA:50,1
DA:52,1
DA:53,1
DA:56,1
DA:57,1
DA:60,1
DA:63,1
LF:21
LH:21
end_of_record
SF:lib/app/utils/cos_client.dart
DA:17,0
DA:80,0
DA:81,0
DA:82,0
DA:83,0
DA:84,0
DA:85,0
DA:86,0
DA:87,0
DA:88,0
DA:89,0
DA:90,0
DA:91,0
DA:94,0
DA:106,0
DA:112,0
DA:114,0
DA:116,0
DA:121,0
DA:127,0
DA:144,0
DA:146,0
DA:148,0
DA:158,0
DA:159,0
DA:165,0
DA:167,0
DA:168,0
DA:176,0
DA:180,0
DA:181,0
DA:182,0
DA:183,0
LF:33
LH:0
end_of_record
SF:lib/app/modules/home/domain/errors/home_errors.dart
DA:4,2
DA:8,0
DA:12,0
DA:16,0
DA:20,0
LF:5
LH:1
end_of_record
SF:lib/app/modules/home/domain/usecases/search_car_by_vin_number.dart
DA:15,1
DA:20,1
DA:22,1
DA:23,1
DA:25,2
DA:27,1
DA:29,1
DA:30,0
DA:33,2
DA:34,2
DA:41,1
DA:43,1
DA:44,0
LF:13
LH:11
end_of_record
