SF:lib/app/core/domain/errors/user_errors.dart
DA:4,4
DA:8,0
DA:12,4
LF:3
LH:2
end_of_record
SF:lib/app/core/domain/models/user.dart
DA:7,4
DA:12,0
DA:13,0
DA:14,0
DA:15,0
LF:5
LH:1
end_of_record
SF:lib/app/core/infra/services/auth_service.dart
DA:8,1
DA:11,1
DA:12,1
DA:13,1
DA:14,1
DA:17,1
DA:18,1
DA:26,1
DA:29,1
DA:30,2
DA:31,2
DA:38,0
DA:41,0
DA:42,0
DA:44,0
DA:48,1
DA:49,2
LF:17
LH:13
end_of_record
SF:lib/app/core/domain/errors/generic_errors.dart
DA:4,6
DA:6,0
DA:7,0
LF:3
LH:1
end_of_record
SF:lib/app/core/domain/usecases/validate_cached_user.dart
DA:10,1
DA:12,1
DA:14,2
DA:15,1
DA:16,2
LF:5
LH:5
end_of_record
SF:lib/app/core/domain/errors/api_errors.dart
DA:6,2
DA:10,2
DA:15,2
DA:19,0
LF:4
LH:3
end_of_record
SF:lib/app/core/domain/models/api_error.dart
DA:8,1
DA:14,2
DA:15,1
DA:16,2
DA:17,1
DA:20,0
DA:21,0
DA:22,0
DA:23,0
LF:9
LH:5
end_of_record
SF:lib/app/core/domain/models/api_error_params.dart
DA:4,1
DA:8,2
DA:9,2
DA:12,0
DA:13,0
DA:16,0
LF:6
LH:3
end_of_record
SF:lib/app/core/domain/models/car_additional_info.dart
DA:8,1
DA:16,1
DA:17,1
DA:18,1
DA:19,1
DA:20,1
DA:21,1
DA:22,1
DA:25,1
DA:26,1
DA:27,2
DA:29,1
DA:31,0
DA:32,0
DA:33,0
DA:34,0
DA:35,0
DA:36,0
LF:18
LH:12
end_of_record
SF:lib/app/core/domain/models/car_information.dart
DA:19,2
DA:38,2
DA:39,1
DA:40,1
DA:41,2
DA:42,2
DA:43,2
DA:44,2
DA:45,1
DA:46,1
DA:47,1
DA:48,1
DA:49,1
DA:50,1
DA:51,1
DA:52,2
DA:53,1
DA:54,1
DA:57,0
DA:58,0
DA:61,0
DA:62,0
DA:63,0
DA:64,0
DA:65,0
DA:66,0
DA:67,0
DA:68,0
DA:69,0
DA:70,0
DA:71,0
DA:72,0
DA:73,0
DA:74,0
DA:75,0
DA:76,0
DA:77,0
LF:37
LH:18
end_of_record
SF:lib/app/modules/home/infra/repositories/home_repository.dart
DA:15,1
DA:17,1
DA:21,2
DA:22,1
DA:23,1
DA:28,2
DA:29,3
DA:30,1
DA:31,2
DA:32,1
DA:33,2
DA:35,1
DA:38,3
DA:39,1
DA:41,1
DA:43,1
DA:44,1
DA:47,1
DA:48,1
DA:51,1
DA:54,0
DA:55,0
LF:22
LH:20
end_of_record
SF:lib/app/utils/cos_client.dart
DA:17,0
DA:80,0
DA:81,0
DA:82,0
DA:83,0
DA:84,0
DA:85,0
DA:86,0
DA:87,0
DA:88,0
DA:89,0
DA:90,0
DA:91,0
DA:94,0
DA:106,0
DA:112,0
DA:114,0
DA:116,0
DA:121,0
DA:127,0
DA:144,0
DA:146,0
DA:148,0
DA:158,0
DA:159,0
DA:165,0
DA:167,0
DA:168,0
DA:176,0
DA:180,0
DA:181,0
DA:182,0
DA:183,0
LF:33
LH:0
end_of_record
SF:lib/app/core/domain/validators/text_form_validator.dart
DA:4,1
DA:5,1
DA:12,1
DA:13,1
DA:17,1
LF:5
LH:5
end_of_record
SF:lib/app/modules/splash/presenter/splash_cubit.dart
DA:9,3
DA:11,1
DA:12,4
DA:14,2
DA:16,2
DA:18,1
DA:19,0
DA:20,0
LF:8
LH:6
end_of_record
SF:lib/app/modules/splash/presenter/splash_state.dart
DA:6,0
DA:7,0
DA:11,1
DA:12,1
DA:16,1
DA:17,1
LF:6
LH:4
end_of_record
SF:lib/app/modules/auth/domain/usecases/save_user_data.dart
DA:12,1
DA:14,1
DA:16,4
DA:17,1
DA:19,2
LF:5
LH:5
end_of_record
SF:lib/app/modules/auth/presenter/auth_cubit.dart
DA:9,3
DA:11,1
DA:12,2
DA:13,1
DA:14,3
DA:15,1
DA:17,2
DA:20,1
DA:21,0
DA:22,0
LF:10
LH:8
end_of_record
SF:lib/app/modules/auth/presenter/auth_state.dart
DA:6,1
DA:7,1
DA:11,0
DA:12,0
DA:16,1
DA:17,1
DA:21,0
DA:22,0
LF:8
LH:4
end_of_record
SF:lib/app/modules/home/domain/errors/home_errors.dart
DA:4,2
LF:1
LH:1
end_of_record
SF:lib/app/modules/home/domain/usecases/search_car_by_vin_number.dart
DA:12,1
DA:14,1
DA:16,1
DA:17,1
DA:19,2
LF:5
LH:5
end_of_record
